{
  "RSpec": {
    "coverage": {
      "/home/fede/Workspace/ruby_instagram/lib/ruby_instagram/version.rb": [
        null,
        null,
        1,
        1,
        null
      ],
      "/home/fede/Workspace/ruby_instagram/lib/ruby_instagram.rb": [
        null,
        null,
        1,
        1,
        1,
        1,
        1,
        null,
        1,
        1,
        null,
        null,
        null,
        null,
        1,
        2,
        null,
        null,
        null,
        1,
        0,
        null,
        0,
        null,
        null,
        null,
        1,
        0,
        null,
        null
      ],
      "/home/fede/Workspace/ruby_instagram/lib/ruby_instagram/error.rb": [
        null,
        null,
        1,
        null,
        1,
        null,
        null,
        1,
        null,
        null,
        1,
        null,
        null,
        1,
        null,
        null,
        1,
        null,
        null,
        1,
        null,
        null,
        1,
        null,
        null,
        1,
        null,
        null,
        1,
        null,
        null,
        1,
        null
      ],
      "/home/fede/Workspace/ruby_instagram/lib/ruby_instagram/configuration.rb": [
        null,
        null,
        1,
        1,
        null,
        1,
        null,
        1,
        null,
        1,
        null,
        null,
        null,
        null,
        null,
        null,
        null,
        null,
        null,
        null,
        null,
        1,
        null,
        null,
        1,
        null,
        null,
        1,
        null,
        null,
        1,
        null,
        null,
        null,
        null,
        1,
        null,
        null,
        1,
        null,
        null,
        1,
        null,
        null,
        1,
        null,
        null,
        1,
        null,
        null,
        1,
        1,
        null,
        null,
        null,
        1,
        0,
        null,
        null,
        null,
        1,
        2,
        16,
        null,
        null,
        null,
        null,
        1,
        1,
        1,
        1,
        1,
        1,
        1,
        1,
        1,
        null,
        null,
        null
      ],
      "/home/fede/Workspace/ruby_instagram/lib/ruby_instagram/api.rb": [
        null,
        null,
        1,
        1,
        1,
        null,
        1,
        1,
        1,
        null,
        null,
        1,
        2,
        2,
        16,
        null,
        null,
        null,
        1,
        0,
        0,
        0,
        null,
        null,
        null,
        null,
        1,
        1,
        1,
        null,
        null
      ],
      "/home/fede/Workspace/ruby_instagram/lib/ruby_instagram/connection.rb": [
        null,
        null,
        1,
        3,
        null,
        1,
        1,
        1,
        null,
        1,
        2,
        null,
        null,
        2,
        2,
        2,
        2,
        2,
        2,
        2,
        null,
        null,
        null,
        null
      ],
      "/home/fede/Workspace/ruby_instagram/lib/faraday/raise_http_exception.rb": [
        null,
        null,
        1,
        null,
        null,
        1,
        null,
        1,
        1,
        2,
        2,
        null,
        0,
        null,
        0,
        null,
        0,
        null,
        0,
        null,
        0,
        null,
        0,
        null,
        0,
        null,
        null,
        null,
        null,
        1,
        2,
        2,
        null,
        null,
        1,
        null,
        1,
        0,
        null,
        null,
        1,
        0,
        null,
        null,
        1,
        0,
        null,
        null,
        1,
        0,
        null,
        null,
        1,
        0,
        null,
        0,
        null,
        null,
        null
      ],
      "/home/fede/Workspace/ruby_instagram/lib/faraday/mashify.rb": [
        null,
        null,
        1,
        null,
        1,
        null,
        null,
        1,
        1,
        null,
        1,
        1,
        null,
        null,
        1,
        1,
        1,
        null,
        null,
        1,
        2,
        2,
        null,
        null,
        1,
        2,
        null,
        2,
        null,
        0,
        null,
        0,
        null,
        null,
        null,
        null
      ],
      "/home/fede/Workspace/ruby_instagram/lib/ruby_instagram/request.rb": [
        null,
        null,
        1,
        1,
        null,
        1,
        null,
        1,
        null,
        1,
        2,
        null,
        null,
        null,
        1,
        0,
        null,
        null,
        1,
        null,
        null,
        1,
        2,
        2,
        2,
        null,
        2,
        null,
        0,
        0,
        null,
        null,
        null,
        2,
        null,
        2,
        null,
        null,
        null
      ],
      "/home/fede/Workspace/ruby_instagram/lib/ruby_instagram/oauth.rb": [
        null,
        null,
        1,
        1,
        1,
        null,
        1,
        0,
        0,
        0,
        0,
        0,
        0,
        null,
        null,
        null,
        1,
        0,
        0,
        0,
        0,
        0,
        null,
        null,
        1,
        null,
        1,
        0,
        null,
        null,
        1,
        0,
        null,
        null,
        null,
        null,
        null,
        null
      ],
      "/home/fede/Workspace/ruby_instagram/lib/ruby_instagram/client.rb": [
        null,
        null,
        1,
        null,
        null,
        null,
        null,
        1,
        2,
        null,
        1,
        null,
        null
      ],
      "/home/fede/Workspace/ruby_instagram/lib/ruby_instagram/client/users.rb": [
        null,
        null,
        1,
        1,
        null,
        1,
        null,
        null,
        null,
        null,
        null,
        null,
        null,
        null,
        null,
        null,
        null,
        1,
        1,
        1,
        null,
        null,
        null,
        null,
        null,
        null,
        null,
        null,
        null,
        null,
        null,
        null,
        null,
        null,
        1,
        1,
        1,
        1,
        null,
        null,
        null
      ],
      "/home/fede/Workspace/ruby_instagram/lib/ruby_instagram/response.rb": [
        null,
        null,
        1,
        1,
        1,
        2,
        null,
        1,
        null,
        null,
        null
      ]
    },
    "timestamp": 1575486844
  }
}
